<?xml version="1.0" encoding="UTF-8"?>
<!-- Generated by org.testng.reporters.JUnitReportReporter -->
<testsuite hostname="DESKTOP-QCERRIQ" failures="0" tests="1" name="playwright.test.com.BrowserSupportDemo" time="17.211" errors="0" timestamp="2024-07-16T12:54:31 IST" skipped="0">
  <testcase classname="playwright.test.com.BrowserSupportDemo" name="browserSupport" time="17.211"/>
</testsuite> <!-- playwright.test.com.BrowserSupportDemo -->
