<?xml version="1.0" encoding="UTF-8"?>
<!-- Generated by org.testng.reporters.JUnitReportReporter -->
<testsuite hostname="DESKTOP-QCERRIQ" failures="0" tests="1" name="playwright.test.com.PlaywrightTest" time="11.469" errors="0" timestamp="2024-07-16T12:37:10 IST" skipped="0">
  <testcase classname="playwright.test.com.PlaywrightTest" name="firstTestRefactored" time="11.469"/>
</testsuite> <!-- playwright.test.com.PlaywrightTest -->
